<?xml version="1.0" encoding="UTF-8"?>
<robot generator="Robot 7.0 (Python 3.12.2 on win32)" generated="2024-05-28T16:22:57.222507" rpa="false" schemaversion="5">
<suite id="s1" name="TestCases" source="C:\Users\91989\Desktop\New folder\Pilot_Project_Smart_hospital_Team3\TestCases">
<suite id="s1-s1" name="Test empty user appointment" source="C:\Users\91989\Desktop\New folder\Pilot_Project_Smart_hospital_Team3\TestCases\Test_empty_user_appointment.robot">
<test id="s1-s1-t1" name="valid user appointement" line="18">
<kw name="Open the browser with url" owner="GenericResources" type="SETUP">
<kw name="Create Webdriver" owner="SeleniumLibrary">
<msg time="2024-05-28T16:22:59.914980" level="INFO">Creating an instance of the Chrome WebDriver.</msg>
<arg>Chrome</arg>
<doc>Creates an instance of Selenium WebDriver.</doc>
<status status="PASS" start="2024-05-28T16:22:59.914980" elapsed="6.125461"/>
</kw>
<kw name="Go To" owner="SeleniumLibrary">
<msg time="2024-05-28T16:23:06.042828" level="INFO">Opening url 'https://demo.smart-hospital.in/'</msg>
<arg>${url}</arg>
<doc>Navigates the current browser window to the provided ``url``.</doc>
<status status="PASS" start="2024-05-28T16:23:06.041828" elapsed="2.615365"/>
</kw>
<kw name="Maximize Browser Window" owner="SeleniumLibrary">
<doc>Maximizes current browser window.</doc>
<status status="PASS" start="2024-05-28T16:23:08.657193" elapsed="2.528440"/>
</kw>
<kw name="Set Selenium Implicit Wait" owner="SeleniumLibrary">
<arg>5</arg>
<doc>Sets the implicit wait value used by Selenium.</doc>
<status status="PASS" start="2024-05-28T16:23:11.185633" elapsed="0.003434"/>
</kw>
<status status="PASS" start="2024-05-28T16:22:59.912981" elapsed="11.276086"/>
</kw>
<kw name="validate the user appointment">
<kw name="click the log in button" owner="GenericResources">
<kw name="Click Element" owner="SeleniumLibrary">
<msg time="2024-05-28T16:23:11.192290" level="INFO">Clicking element 'xpath://ul[@class="top-right"]//a'.</msg>
<arg>${login_button}</arg>
<doc>Click the element identified by ``locator``.</doc>
<status status="PASS" start="2024-05-28T16:23:11.191308" elapsed="2.192666"/>
</kw>
<status status="PASS" start="2024-05-28T16:23:11.190808" elapsed="2.193166"/>
</kw>
<kw name="Click the signin button" owner="LoginResources">
<kw name="Click Button" owner="SeleniumLibrary">
<msg time="2024-05-28T16:23:13.387027" level="INFO">Clicking button 'css:button[class='btn']'.</msg>
<arg>${signin_button}</arg>
<doc>Clicks the button identified by ``locator``.</doc>
<status status="PASS" start="2024-05-28T16:23:13.385751" elapsed="4.685725"/>
</kw>
<status status="PASS" start="2024-05-28T16:23:13.384689" elapsed="4.686787"/>
</kw>
<kw name="click the my appointment button" owner="UserResources">
<kw name="Wait Until Element Is Visible" owner="SeleniumLibrary">
<arg>${My_appointment_button}</arg>
<doc>Waits until the element ``locator`` is visible.</doc>
<status status="PASS" start="2024-05-28T16:23:18.072678" elapsed="0.033924"/>
</kw>
<kw name="Click Element" owner="SeleniumLibrary">
<msg time="2024-05-28T16:23:18.107827" level="INFO">Clicking element 'css:i[class='fas fa-hospital-alt']'.</msg>
<arg>${My_appointment_button}</arg>
<doc>Click the element identified by ``locator``.</doc>
<status status="PASS" start="2024-05-28T16:23:18.106602" elapsed="1.168683"/>
</kw>
<status status="PASS" start="2024-05-28T16:23:18.072678" elapsed="1.203109"/>
</kw>
<kw name="Fill the user apointment form" owner="UserResources">
<kw name="Click Element" owner="SeleniumLibrary">
<msg time="2024-05-28T16:23:19.278298" level="INFO">Clicking element 'css:a[class='btn btn-primary btn-sm']'.</msg>
<arg>${Add_appointment}</arg>
<doc>Click the element identified by ``locator``.</doc>
<status status="PASS" start="2024-05-28T16:23:19.277304" elapsed="0.175807"/>
</kw>
<kw name="Input Text" owner="SeleniumLibrary">
<msg time="2024-05-28T16:23:19.454544" level="INFO">Typing text '‎ ' into text field 'id:dates'.</msg>
<arg>${Date}</arg>
<arg>${Date_data}</arg>
<doc>Types the given ``text`` into the text field identified by ``locator``.</doc>
<status status="PASS" start="2024-05-28T16:23:19.453111" elapsed="0.350129"/>
</kw>
<kw name="Select From List By Value" owner="SeleniumLibrary">
<msg time="2024-05-28T16:23:19.805329" level="INFO">Selecting options from selection list 'id:specialist' by value 2.</msg>
<arg>${Speacialist}</arg>
<arg>2</arg>
<doc>Selects options from selection list ``locator`` by ``values``.</doc>
<status status="PASS" start="2024-05-28T16:23:19.804256" elapsed="0.216503"/>
</kw>
<kw name="Select From List By Value" owner="SeleniumLibrary">
<msg time="2024-05-28T16:23:20.021572" level="INFO">Selecting options from selection list 'id:doctor' by value 12.</msg>
<arg>${Doctor}</arg>
<arg>12</arg>
<doc>Selects options from selection list ``locator`` by ``values``.</doc>
<status status="PASS" start="2024-05-28T16:23:20.020759" elapsed="0.262406"/>
</kw>
<kw name="Select From List By Value" owner="SeleniumLibrary">
<msg time="2024-05-28T16:23:20.284265" level="INFO">Selecting options from selection list 'xpath:(//select[@class='form-control select2'])[1]' by value 1.</msg>
<arg>${Shift_feild}</arg>
<arg>1</arg>
<doc>Selects options from selection list ``locator`` by ``values``.</doc>
<status status="PASS" start="2024-05-28T16:23:20.283761" elapsed="0.271177"/>
</kw>
<kw name="Select From List By Value" owner="SeleniumLibrary">
<msg time="2024-05-28T16:23:20.555938" level="INFO">Selecting options from selection list 'id:shift_id' by value 39.</msg>
<msg time="2024-05-28T16:23:26.956135" level="INFO" html="true">&lt;/td&gt;&lt;/tr&gt;&lt;tr&gt;&lt;td colspan="3"&gt;&lt;a href="selenium-screenshot-1.png"&gt;&lt;img src="selenium-screenshot-1.png" width="800px"&gt;&lt;/a&gt;</msg>
<msg time="2024-05-28T16:23:26.956637" level="FAIL">NoSuchElementException: Message: Cannot locate option with value: 39; For documentation on this error, please visit: https://www.selenium.dev/documentation/webdriver/troubleshooting/errors#no-such-element-exception
</msg>
<arg>${Slot_feild}</arg>
<arg>39</arg>
<doc>Selects options from selection list ``locator`` by ``values``.</doc>
<status status="FAIL" start="2024-05-28T16:23:20.555439" elapsed="6.407198">NoSuchElementException: Message: Cannot locate option with value: 39; For documentation on this error, please visit: https://www.selenium.dev/documentation/webdriver/troubleshooting/errors#no-such-element-exception
</status>
</kw>
<arg>${Date_data}</arg>
<status status="FAIL" start="2024-05-28T16:23:19.276287" elapsed="7.691400">NoSuchElementException: Message: Cannot locate option with value: 39; For documentation on this error, please visit: https://www.selenium.dev/documentation/webdriver/troubleshooting/errors#no-such-element-exception
</status>
</kw>
<kw name="Fill the user apointment remaining form" owner="UserResources">
<arg>${Message_data}</arg>
<arg>${adress}</arg>
<status status="NOT RUN" start="2024-05-28T16:23:26.970068" elapsed="0.000000"/>
</kw>
<kw name="choose valid slot" owner="UserResources">
<status status="NOT RUN" start="2024-05-28T16:23:26.970566" elapsed="0.000000"/>
</kw>
<kw name="save button" owner="UserResources">
<status status="NOT RUN" start="2024-05-28T16:23:26.970566" elapsed="0.000000"/>
</kw>
<arg>Date_data=‎ </arg>
<arg>Message_data=‎ </arg>
<arg>adress=‎ </arg>
<status status="FAIL" start="2024-05-28T16:23:11.189067" elapsed="15.781499">NoSuchElementException: Message: Cannot locate option with value: 39; For documentation on this error, please visit: https://www.selenium.dev/documentation/webdriver/troubleshooting/errors#no-such-element-exception
</status>
</kw>
<kw name="Close the browser" owner="GenericResources" type="TEARDOWN">
<kw name="Close Browser" owner="SeleniumLibrary">
<doc>Closes the current browser.</doc>
<status status="PASS" start="2024-05-28T16:23:26.971575" elapsed="7.304483"/>
</kw>
<status status="PASS" start="2024-05-28T16:23:26.971575" elapsed="7.305317"/>
</kw>
<status status="FAIL" start="2024-05-28T16:22:59.908727" elapsed="34.368165">NoSuchElementException: Message: Cannot locate option with value: 39; For documentation on this error, please visit: https://www.selenium.dev/documentation/webdriver/troubleshooting/errors#no-such-element-exception
</status>
</test>
<doc>To validate the user apointment</doc>
<status status="FAIL" start="2024-05-28T16:22:57.278360" elapsed="37.000245"/>
</suite>
<status status="FAIL" start="2024-05-28T16:22:57.247942" elapsed="37.031701"/>
</suite>
<statistics>
<total>
<stat pass="0" fail="1" skip="0">All Tests</stat>
</total>
<tag>
</tag>
<suite>
<stat pass="0" fail="1" skip="0" id="s1" name="TestCases">TestCases</stat>
<stat pass="0" fail="1" skip="0" id="s1-s1" name="Test empty user appointment">TestCases.Test empty user appointment</stat>
</suite>
</statistics>
<errors>
<msg time="2024-05-28T16:23:26.966295" level="ERROR">Calling method 'end_keyword' of listener 'RobotStackTracer' failed: UnicodeEncodeError: 'charmap' codec can't encode character '\u200e' in position 542: character maps to &lt;undefined&gt;</msg>
<msg time="2024-05-28T16:23:26.969069" level="ERROR">Calling method 'end_keyword' of listener 'RobotStackTracer' failed: UnicodeEncodeError: 'charmap' codec can't encode character '\u200e' in position 542: character maps to &lt;undefined&gt;</msg>
</errors>
</robot>
